ERROR - 2023-06-15 08:10:45 --> Table 'lab_ci4.user' doesn't exist
CRITICAL - 2023-06-15 08:10:45 --> Table 'lab_ci4.user' doesn't exist
#0 C:\xampp\htdocs\lab9\Lab8_php_ci\ci4\system\Database\MySQLi\Connection.php(292): mysqli->query('SELECT *\nFROM `...', 0)
#1 C:\xampp\htdocs\lab9\Lab8_php_ci\ci4\system\Database\BaseConnection.php(670): CodeIgniter\Database\MySQLi\Connection->execute('SELECT *\nFROM `...')
#2 C:\xampp\htdocs\lab9\Lab8_php_ci\ci4\system\Database\BaseConnection.php(598): CodeIgniter\Database\BaseConnection->simpleQuery('SELECT *\nFROM `...')
#3 C:\xampp\htdocs\lab9\Lab8_php_ci\ci4\system\Database\BaseBuilder.php(1455): CodeIgniter\Database\BaseConnection->query('SELECT *\nFROM `...', Array, false)
#4 C:\xampp\htdocs\lab9\Lab8_php_ci\ci4\system\Model.php(210): CodeIgniter\Database\BaseBuilder->get()
#5 C:\xampp\htdocs\lab9\Lab8_php_ci\ci4\system\BaseModel.php(622): CodeIgniter\Model->doFirst()
#6 C:\xampp\htdocs\lab9\Lab8_php_ci\ci4\app\Controllers\User.php(24): CodeIgniter\BaseModel->first()
#7 C:\xampp\htdocs\lab9\Lab8_php_ci\ci4\system\CodeIgniter.php(832): App\Controllers\User->login()
#8 C:\xampp\htdocs\lab9\Lab8_php_ci\ci4\system\CodeIgniter.php(419): CodeIgniter\CodeIgniter->runController(Object(App\Controllers\User))
#9 C:\xampp\htdocs\lab9\Lab8_php_ci\ci4\system\CodeIgniter.php(326): CodeIgniter\CodeIgniter->handleRequest(NULL, Object(Config\Cache), false)
#10 C:\xampp\htdocs\lab9\Lab8_php_ci\ci4\public\index.php(37): CodeIgniter\CodeIgniter->run()
#11 C:\xampp\htdocs\lab9\Lab8_php_ci\ci4\system\Commands\Server\rewrite.php(43): require_once('C:\\xampp\\htdocs...')
#12 {main}
ERROR - 2023-06-15 08:23:32 --> Table 'lab_ci4.user' doesn't exist
CRITICAL - 2023-06-15 08:23:32 --> Table 'lab_ci4.user' doesn't exist
#0 C:\xampp\htdocs\lab9\Lab8_php_ci\ci4\system\Database\MySQLi\Connection.php(292): mysqli->query('SELECT *\nFROM `...', 0)
#1 C:\xampp\htdocs\lab9\Lab8_php_ci\ci4\system\Database\BaseConnection.php(670): CodeIgniter\Database\MySQLi\Connection->execute('SELECT *\nFROM `...')
#2 C:\xampp\htdocs\lab9\Lab8_php_ci\ci4\system\Database\BaseConnection.php(598): CodeIgniter\Database\BaseConnection->simpleQuery('SELECT *\nFROM `...')
#3 C:\xampp\htdocs\lab9\Lab8_php_ci\ci4\system\Database\BaseBuilder.php(1455): CodeIgniter\Database\BaseConnection->query('SELECT *\nFROM `...', Array, false)
#4 C:\xampp\htdocs\lab9\Lab8_php_ci\ci4\system\Model.php(210): CodeIgniter\Database\BaseBuilder->get()
#5 C:\xampp\htdocs\lab9\Lab8_php_ci\ci4\system\BaseModel.php(622): CodeIgniter\Model->doFirst()
#6 C:\xampp\htdocs\lab9\Lab8_php_ci\ci4\app\Controllers\User.php(24): CodeIgniter\BaseModel->first()
#7 C:\xampp\htdocs\lab9\Lab8_php_ci\ci4\system\CodeIgniter.php(832): App\Controllers\User->login()
#8 C:\xampp\htdocs\lab9\Lab8_php_ci\ci4\system\CodeIgniter.php(419): CodeIgniter\CodeIgniter->runController(Object(App\Controllers\User))
#9 C:\xampp\htdocs\lab9\Lab8_php_ci\ci4\system\CodeIgniter.php(326): CodeIgniter\CodeIgniter->handleRequest(NULL, Object(Config\Cache), false)
#10 C:\xampp\htdocs\lab9\Lab8_php_ci\ci4\public\index.php(37): CodeIgniter\CodeIgniter->run()
#11 C:\xampp\htdocs\lab9\Lab8_php_ci\ci4\system\Commands\Server\rewrite.php(43): require_once('C:\\xampp\\htdocs...')
#12 {main}
ERROR - 2023-06-15 08:24:04 --> Table 'lab_ci4.user' doesn't exist
CRITICAL - 2023-06-15 08:24:04 --> Table 'lab_ci4.user' doesn't exist
#0 C:\xampp\htdocs\lab9\Lab8_php_ci\ci4\system\Database\MySQLi\Connection.php(292): mysqli->query('SELECT *\nFROM `...', 0)
#1 C:\xampp\htdocs\lab9\Lab8_php_ci\ci4\system\Database\BaseConnection.php(670): CodeIgniter\Database\MySQLi\Connection->execute('SELECT *\nFROM `...')
#2 C:\xampp\htdocs\lab9\Lab8_php_ci\ci4\system\Database\BaseConnection.php(598): CodeIgniter\Database\BaseConnection->simpleQuery('SELECT *\nFROM `...')
#3 C:\xampp\htdocs\lab9\Lab8_php_ci\ci4\system\Database\BaseBuilder.php(1455): CodeIgniter\Database\BaseConnection->query('SELECT *\nFROM `...', Array, false)
#4 C:\xampp\htdocs\lab9\Lab8_php_ci\ci4\system\Model.php(210): CodeIgniter\Database\BaseBuilder->get()
#5 C:\xampp\htdocs\lab9\Lab8_php_ci\ci4\system\BaseModel.php(622): CodeIgniter\Model->doFirst()
#6 C:\xampp\htdocs\lab9\Lab8_php_ci\ci4\app\Controllers\User.php(24): CodeIgniter\BaseModel->first()
#7 C:\xampp\htdocs\lab9\Lab8_php_ci\ci4\system\CodeIgniter.php(832): App\Controllers\User->login()
#8 C:\xampp\htdocs\lab9\Lab8_php_ci\ci4\system\CodeIgniter.php(419): CodeIgniter\CodeIgniter->runController(Object(App\Controllers\User))
#9 C:\xampp\htdocs\lab9\Lab8_php_ci\ci4\system\CodeIgniter.php(326): CodeIgniter\CodeIgniter->handleRequest(NULL, Object(Config\Cache), false)
#10 C:\xampp\htdocs\lab9\Lab8_php_ci\ci4\public\index.php(37): CodeIgniter\CodeIgniter->run()
#11 C:\xampp\htdocs\lab9\Lab8_php_ci\ci4\system\Commands\Server\rewrite.php(43): require_once('C:\\xampp\\htdocs...')
#12 {main}
ERROR - 2023-06-15 08:24:13 --> Table 'lab_ci4.user' doesn't exist
CRITICAL - 2023-06-15 08:24:13 --> Table 'lab_ci4.user' doesn't exist
#0 C:\xampp\htdocs\lab9\Lab8_php_ci\ci4\system\Database\MySQLi\Connection.php(292): mysqli->query('SELECT *\nFROM `...', 0)
#1 C:\xampp\htdocs\lab9\Lab8_php_ci\ci4\system\Database\BaseConnection.php(670): CodeIgniter\Database\MySQLi\Connection->execute('SELECT *\nFROM `...')
#2 C:\xampp\htdocs\lab9\Lab8_php_ci\ci4\system\Database\BaseConnection.php(598): CodeIgniter\Database\BaseConnection->simpleQuery('SELECT *\nFROM `...')
#3 C:\xampp\htdocs\lab9\Lab8_php_ci\ci4\system\Database\BaseBuilder.php(1455): CodeIgniter\Database\BaseConnection->query('SELECT *\nFROM `...', Array, false)
#4 C:\xampp\htdocs\lab9\Lab8_php_ci\ci4\system\Model.php(210): CodeIgniter\Database\BaseBuilder->get()
#5 C:\xampp\htdocs\lab9\Lab8_php_ci\ci4\system\BaseModel.php(622): CodeIgniter\Model->doFirst()
#6 C:\xampp\htdocs\lab9\Lab8_php_ci\ci4\app\Controllers\User.php(24): CodeIgniter\BaseModel->first()
#7 C:\xampp\htdocs\lab9\Lab8_php_ci\ci4\system\CodeIgniter.php(832): App\Controllers\User->login()
#8 C:\xampp\htdocs\lab9\Lab8_php_ci\ci4\system\CodeIgniter.php(419): CodeIgniter\CodeIgniter->runController(Object(App\Controllers\User))
#9 C:\xampp\htdocs\lab9\Lab8_php_ci\ci4\system\CodeIgniter.php(326): CodeIgniter\CodeIgniter->handleRequest(NULL, Object(Config\Cache), false)
#10 C:\xampp\htdocs\lab9\Lab8_php_ci\ci4\public\index.php(37): CodeIgniter\CodeIgniter->run()
#11 C:\xampp\htdocs\lab9\Lab8_php_ci\ci4\system\Commands\Server\rewrite.php(43): require_once('C:\\xampp\\htdocs...')
#12 {main}
ERROR - 2023-06-15 08:24:59 --> Table 'lab_ci4.user' doesn't exist
CRITICAL - 2023-06-15 08:24:59 --> Table 'lab_ci4.user' doesn't exist
#0 C:\xampp\htdocs\lab9\Lab8_php_ci\ci4\system\Database\MySQLi\Connection.php(292): mysqli->query('SELECT *\nFROM `...', 0)
#1 C:\xampp\htdocs\lab9\Lab8_php_ci\ci4\system\Database\BaseConnection.php(670): CodeIgniter\Database\MySQLi\Connection->execute('SELECT *\nFROM `...')
#2 C:\xampp\htdocs\lab9\Lab8_php_ci\ci4\system\Database\BaseConnection.php(598): CodeIgniter\Database\BaseConnection->simpleQuery('SELECT *\nFROM `...')
#3 C:\xampp\htdocs\lab9\Lab8_php_ci\ci4\system\Database\BaseBuilder.php(1455): CodeIgniter\Database\BaseConnection->query('SELECT *\nFROM `...', Array, false)
#4 C:\xampp\htdocs\lab9\Lab8_php_ci\ci4\system\Model.php(210): CodeIgniter\Database\BaseBuilder->get()
#5 C:\xampp\htdocs\lab9\Lab8_php_ci\ci4\system\BaseModel.php(622): CodeIgniter\Model->doFirst()
#6 C:\xampp\htdocs\lab9\Lab8_php_ci\ci4\app\Controllers\User.php(24): CodeIgniter\BaseModel->first()
#7 C:\xampp\htdocs\lab9\Lab8_php_ci\ci4\system\CodeIgniter.php(832): App\Controllers\User->login()
#8 C:\xampp\htdocs\lab9\Lab8_php_ci\ci4\system\CodeIgniter.php(419): CodeIgniter\CodeIgniter->runController(Object(App\Controllers\User))
#9 C:\xampp\htdocs\lab9\Lab8_php_ci\ci4\system\CodeIgniter.php(326): CodeIgniter\CodeIgniter->handleRequest(NULL, Object(Config\Cache), false)
#10 C:\xampp\htdocs\lab9\Lab8_php_ci\ci4\public\index.php(37): CodeIgniter\CodeIgniter->run()
#11 C:\xampp\htdocs\lab9\Lab8_php_ci\ci4\system\Commands\Server\rewrite.php(43): require_once('C:\\xampp\\htdocs...')
#12 {main}
ERROR - 2023-06-15 08:25:15 --> Table 'lab_ci4.user' doesn't exist
CRITICAL - 2023-06-15 08:25:15 --> Table 'lab_ci4.user' doesn't exist
#0 C:\xampp\htdocs\lab9\Lab8_php_ci\ci4\system\Database\MySQLi\Connection.php(292): mysqli->query('SELECT *\nFROM `...', 0)
#1 C:\xampp\htdocs\lab9\Lab8_php_ci\ci4\system\Database\BaseConnection.php(670): CodeIgniter\Database\MySQLi\Connection->execute('SELECT *\nFROM `...')
#2 C:\xampp\htdocs\lab9\Lab8_php_ci\ci4\system\Database\BaseConnection.php(598): CodeIgniter\Database\BaseConnection->simpleQuery('SELECT *\nFROM `...')
#3 C:\xampp\htdocs\lab9\Lab8_php_ci\ci4\system\Database\BaseBuilder.php(1455): CodeIgniter\Database\BaseConnection->query('SELECT *\nFROM `...', Array, false)
#4 C:\xampp\htdocs\lab9\Lab8_php_ci\ci4\system\Model.php(210): CodeIgniter\Database\BaseBuilder->get()
#5 C:\xampp\htdocs\lab9\Lab8_php_ci\ci4\system\BaseModel.php(622): CodeIgniter\Model->doFirst()
#6 C:\xampp\htdocs\lab9\Lab8_php_ci\ci4\app\Controllers\User.php(24): CodeIgniter\BaseModel->first()
#7 C:\xampp\htdocs\lab9\Lab8_php_ci\ci4\system\CodeIgniter.php(832): App\Controllers\User->login()
#8 C:\xampp\htdocs\lab9\Lab8_php_ci\ci4\system\CodeIgniter.php(419): CodeIgniter\CodeIgniter->runController(Object(App\Controllers\User))
#9 C:\xampp\htdocs\lab9\Lab8_php_ci\ci4\system\CodeIgniter.php(326): CodeIgniter\CodeIgniter->handleRequest(NULL, Object(Config\Cache), false)
#10 C:\xampp\htdocs\lab9\Lab8_php_ci\ci4\public\index.php(37): CodeIgniter\CodeIgniter->run()
#11 C:\xampp\htdocs\lab9\Lab8_php_ci\ci4\system\Commands\Server\rewrite.php(43): require_once('C:\\xampp\\htdocs...')
#12 {main}
ERROR - 2023-06-15 08:28:23 --> Table 'lab_ci4.user' doesn't exist
CRITICAL - 2023-06-15 08:28:23 --> Table 'lab_ci4.user' doesn't exist
#0 C:\xampp\htdocs\lab9\Lab8_php_ci\ci4\system\Database\MySQLi\Connection.php(292): mysqli->query('SELECT *\nFROM `...', 0)
#1 C:\xampp\htdocs\lab9\Lab8_php_ci\ci4\system\Database\BaseConnection.php(670): CodeIgniter\Database\MySQLi\Connection->execute('SELECT *\nFROM `...')
#2 C:\xampp\htdocs\lab9\Lab8_php_ci\ci4\system\Database\BaseConnection.php(598): CodeIgniter\Database\BaseConnection->simpleQuery('SELECT *\nFROM `...')
#3 C:\xampp\htdocs\lab9\Lab8_php_ci\ci4\system\Database\BaseBuilder.php(1455): CodeIgniter\Database\BaseConnection->query('SELECT *\nFROM `...', Array, false)
#4 C:\xampp\htdocs\lab9\Lab8_php_ci\ci4\system\Model.php(210): CodeIgniter\Database\BaseBuilder->get()
#5 C:\xampp\htdocs\lab9\Lab8_php_ci\ci4\system\BaseModel.php(622): CodeIgniter\Model->doFirst()
#6 C:\xampp\htdocs\lab9\Lab8_php_ci\ci4\app\Controllers\User.php(24): CodeIgniter\BaseModel->first()
#7 C:\xampp\htdocs\lab9\Lab8_php_ci\ci4\system\CodeIgniter.php(832): App\Controllers\User->login()
#8 C:\xampp\htdocs\lab9\Lab8_php_ci\ci4\system\CodeIgniter.php(419): CodeIgniter\CodeIgniter->runController(Object(App\Controllers\User))
#9 C:\xampp\htdocs\lab9\Lab8_php_ci\ci4\system\CodeIgniter.php(326): CodeIgniter\CodeIgniter->handleRequest(NULL, Object(Config\Cache), false)
#10 C:\xampp\htdocs\lab9\Lab8_php_ci\ci4\public\index.php(37): CodeIgniter\CodeIgniter->run()
#11 C:\xampp\htdocs\lab9\Lab8_php_ci\ci4\system\Commands\Server\rewrite.php(43): require_once('C:\\xampp\\htdocs...')
#12 {main}
ERROR - 2023-06-15 08:31:15 --> Table 'lab_ci4.user' doesn't exist
CRITICAL - 2023-06-15 08:31:15 --> Table 'lab_ci4.user' doesn't exist
#0 C:\xampp\htdocs\lab9\Lab8_php_ci\ci4\system\Database\MySQLi\Connection.php(292): mysqli->query('SELECT *\nFROM `...', 0)
#1 C:\xampp\htdocs\lab9\Lab8_php_ci\ci4\system\Database\BaseConnection.php(670): CodeIgniter\Database\MySQLi\Connection->execute('SELECT *\nFROM `...')
#2 C:\xampp\htdocs\lab9\Lab8_php_ci\ci4\system\Database\BaseConnection.php(598): CodeIgniter\Database\BaseConnection->simpleQuery('SELECT *\nFROM `...')
#3 C:\xampp\htdocs\lab9\Lab8_php_ci\ci4\system\Database\BaseBuilder.php(1455): CodeIgniter\Database\BaseConnection->query('SELECT *\nFROM `...', Array, false)
#4 C:\xampp\htdocs\lab9\Lab8_php_ci\ci4\system\Model.php(210): CodeIgniter\Database\BaseBuilder->get()
#5 C:\xampp\htdocs\lab9\Lab8_php_ci\ci4\system\BaseModel.php(622): CodeIgniter\Model->doFirst()
#6 C:\xampp\htdocs\lab9\Lab8_php_ci\ci4\app\Controllers\User.php(24): CodeIgniter\BaseModel->first()
#7 C:\xampp\htdocs\lab9\Lab8_php_ci\ci4\system\CodeIgniter.php(832): App\Controllers\User->login()
#8 C:\xampp\htdocs\lab9\Lab8_php_ci\ci4\system\CodeIgniter.php(419): CodeIgniter\CodeIgniter->runController(Object(App\Controllers\User))
#9 C:\xampp\htdocs\lab9\Lab8_php_ci\ci4\system\CodeIgniter.php(326): CodeIgniter\CodeIgniter->handleRequest(NULL, Object(Config\Cache), false)
#10 C:\xampp\htdocs\lab9\Lab8_php_ci\ci4\public\index.php(37): CodeIgniter\CodeIgniter->run()
#11 C:\xampp\htdocs\lab9\Lab8_php_ci\ci4\system\Commands\Server\rewrite.php(43): require_once('C:\\xampp\\htdocs...')
#12 {main}
ERROR - 2023-06-15 08:57:33 --> Table 'lab_ci4.user' doesn't exist
CRITICAL - 2023-06-15 08:57:33 --> Table 'lab_ci4.user' doesn't exist
#0 C:\xampp\htdocs\lab9\Lab8_php_ci\ci4\system\Database\MySQLi\Connection.php(292): mysqli->query('SELECT *\nFROM `...', 0)
#1 C:\xampp\htdocs\lab9\Lab8_php_ci\ci4\system\Database\BaseConnection.php(670): CodeIgniter\Database\MySQLi\Connection->execute('SELECT *\nFROM `...')
#2 C:\xampp\htdocs\lab9\Lab8_php_ci\ci4\system\Database\BaseConnection.php(598): CodeIgniter\Database\BaseConnection->simpleQuery('SELECT *\nFROM `...')
#3 C:\xampp\htdocs\lab9\Lab8_php_ci\ci4\system\Database\BaseBuilder.php(1455): CodeIgniter\Database\BaseConnection->query('SELECT *\nFROM `...', Array, false)
#4 C:\xampp\htdocs\lab9\Lab8_php_ci\ci4\system\Model.php(210): CodeIgniter\Database\BaseBuilder->get()
#5 C:\xampp\htdocs\lab9\Lab8_php_ci\ci4\system\BaseModel.php(622): CodeIgniter\Model->doFirst()
#6 C:\xampp\htdocs\lab9\Lab8_php_ci\ci4\app\Controllers\User.php(24): CodeIgniter\BaseModel->first()
#7 C:\xampp\htdocs\lab9\Lab8_php_ci\ci4\system\CodeIgniter.php(832): App\Controllers\User->login()
#8 C:\xampp\htdocs\lab9\Lab8_php_ci\ci4\system\CodeIgniter.php(419): CodeIgniter\CodeIgniter->runController(Object(App\Controllers\User))
#9 C:\xampp\htdocs\lab9\Lab8_php_ci\ci4\system\CodeIgniter.php(326): CodeIgniter\CodeIgniter->handleRequest(NULL, Object(Config\Cache), false)
#10 C:\xampp\htdocs\lab9\Lab8_php_ci\ci4\public\index.php(37): CodeIgniter\CodeIgniter->run()
#11 C:\xampp\htdocs\lab9\Lab8_php_ci\ci4\system\Commands\Server\rewrite.php(43): require_once('C:\\xampp\\htdocs...')
#12 {main}
